TN:
SF:src\middleware\auth.js
FN:3,(anonymous_0)
FN:20,(anonymous_1)
FN:21,(anonymous_2)
FNF:3
FNH:3
FNDA:3,(anonymous_0)
FNDA:3,(anonymous_1)
FNDA:3,(anonymous_2)
DA:1,1
DA:3,1
DA:4,3
DA:5,3
DA:7,3
DA:8,1
DA:11,2
DA:12,2
DA:13,1
DA:14,1
DA:16,1
DA:20,1
DA:21,3
DA:22,3
DA:23,1
DA:26,2
DA:27,1
DA:32,1
DA:36,1
LF:19
LH:19
BRDA:5,0,0,3
BRDA:5,0,1,2
BRDA:7,1,0,1
BRDA:7,1,1,2
BRDA:22,2,0,1
BRDA:22,2,1,2
BRDA:26,3,0,1
BRDA:26,3,1,1
BRF:8
BRH:8
end_of_record
TN:
SF:src\models\userModel.js
FN:5,(anonymous_0)
FN:16,(anonymous_1)
FN:49,(anonymous_2)
FN:52,(anonymous_3)
FN:92,(anonymous_4)
FNF:5
FNH:5
FNDA:1,(anonymous_0)
FNDA:1,(anonymous_1)
FNDA:2,(anonymous_2)
FNDA:2,(anonymous_3)
FNDA:2,(anonymous_4)
DA:1,1
DA:3,1
DA:6,1
DA:17,1
DA:50,2
DA:52,2
DA:54,2
DA:63,2
DA:64,1
DA:73,1
DA:74,1
DA:87,2
DA:93,2
DA:97,2
DA:101,1
LF:15
LH:15
BRDA:63,0,0,1
BRDA:63,0,1,1
BRDA:73,1,0,1
BRDA:73,1,1,0
BRF:4
BRH:3
end_of_record
